<?xml version="1.0" encoding="UTF-8"?>
<testsuite xmlns:xsi="http://www.w3.org/2001/XMLSchema-instance" xsi:noNamespaceSchemaLocation="https://maven.apache.org/surefire/maven-surefire-plugin/xsd/surefire-test-report.xsd" name="tests.PerformanceRunner" time="1.176" tests="2" errors="2" skipped="0" failures="0">
  <properties>
[...]
</properties>
  <testcase name="Create pets and test performance" classname="API Performance Test for Pet Store" time="0.25">
    <error message="k6 test failed" type="java.lang.RuntimeException">java.lang.RuntimeException: k6 test failed
</error>
    <system-out><![CDATA[
Scenario: Create pets and test performance          &amp#27;[90m# src/test/resources/features/performance/performanceTest.feature:3&amp#27;[0m
API is available
  &amp#27;[32mGiven &amp#27;[0m&amp#27;[32mthe API is available&amp#27;[0m                        &amp#27;[90m# steps_definitions.performance.ApiPerformanceTestSteps.the_api_is_available()&amp#27;[0m

         /\      Grafana   /‾‾/  
    /\  /  \     |\  __   /  /   
   /  \/    \    | |/ /  /   ‾‾\ 
  /          \   |   (  |  (‾)  |
 / __________ \  |_|\_\  \_____/ 

time="2024-10-19T14:53:53-03:00" level=error msg="The moduleSpecifier \"src/test/k6scripts/create_pets_test.js\" couldn't be found on local disk. Make sure that you've specified the right path to the file. If you're running k6 using the Docker image make sure you have mounted the local directory (-v /local/path/:/inside/docker/path) containing your script and modules so that they're accessible by k6 from inside of the container, see https://grafana.com/docs/k6/latest/using-k6/modules/#using-local-modules-with-docker."
  &amp#27;[31mWhen &amp#27;[0m&amp#27;[31mI run k6 test for creating &amp#27;[0m&amp#27;[31m&amp#27;[1m1000&amp#27;[0m&amp#27;[31m pets&amp#27;[0m         &amp#27;[90m# steps_definitions.performance.ApiPerformanceTestSteps.i_run_k6_test_for_creating_pets(int)&amp#27;[0m
      &amp#27;[31mjava.lang.RuntimeException: k6 test failed
	at steps_definitions.performance.ApiPerformanceTestSteps.i_run_k6_test_for_creating_pets(ApiPerformanceTestSteps.java:33)
	at ✽.I run k6 test for creating 1000 pets(file:///Users/magaligonzalez/Documents/projects/YellowPepper/src/test/resources/features/performance/performanceTest.feature:5)
&amp#27;[0m
  &amp#27;[36mThen &amp#27;[0m&amp#27;[36mI generate a report for the performance test&amp#27;[0m &amp#27;[90m# steps_definitions.performance.ApiPerformanceTestSteps.i_generate_a_report_for_the_performance_test()&amp#27;[0m
]]></system-out>
  </testcase>
  <testcase name="Update many pets concurrently" classname="API Performance Test for Pet Store" time="0.051">
    <error message="The step &apos;I update 1000 pets&apos; and 1 other step(s) are undefined.&#10;You can implement these steps using the snippet(s) below:&#10;&#10;@When(&quot;I update {int} pets&quot;)&#10;public void i_update_pets(Integer int1) {&#10;    // Write code here that turns the phrase above into concrete actions&#10;    throw new io.cucumber.java.PendingException();&#10;}&#10;@Then(&quot;the response time should be under {int} ms&quot;)&#10;public void the_response_time_should_be_under_ms(Integer int1) {&#10;    // Write code here that turns the phrase above into concrete actions&#10;    throw new io.cucumber.java.PendingException();&#10;}&#10;" type="io.cucumber.junit.UndefinedStepException">io.cucumber.junit.UndefinedStepException: 
The step 'I update 1000 pets' and 1 other step(s) are undefined.
You can implement these steps using the snippet(s) below:

@When("I update {int} pets")
public void i_update_pets(Integer int1) {
    // Write code here that turns the phrase above into concrete actions
    throw new io.cucumber.java.PendingException();
}
@Then("the response time should be under {int} ms")
public void the_response_time_should_be_under_ms(Integer int1) {
    // Write code here that turns the phrase above into concrete actions
    throw new io.cucumber.java.PendingException();
}

</error>
    <system-out><![CDATA[
Scenario: Update many pets concurrently         &amp#27;[90m# src/test/resources/features/performance/performanceTest.feature:8&amp#27;[0m
API is available
  &amp#27;[32mGiven &amp#27;[0m&amp#27;[32mthe API is available&amp#27;[0m                    &amp#27;[90m# steps_definitions.performance.ApiPerformanceTestSteps.the_api_is_available()&amp#27;[0m
  &amp#27;[33mWhen &amp#27;[0m&amp#27;[33mI update 1000 pets&amp#27;[0m
  &amp#27;[36mThen &amp#27;[0m&amp#27;[36mthe response time should be under 200 ms&amp#27;[0m
]]></system-out>
  </testcase>
</testsuite>